<?xml version="1.0" encoding="UTF-8"?>
<!-- Generated by org.testng.reporters.JUnitXMLReporter -->
<testsuite ignored="0" hostname="DESKTOP-H369NVH" failures="0" tests="2" name="LoginTest" time="10.324" errors="0" timestamp="2022-03-12T10:38:09 IST">
  <testcase classname="tests.BaseTest" name="@BeforeMethod methodLevelSetup" time="0.006">
    <failure type="org.openqa.selenium.InvalidSelectorException" message="Compound class names not permitted
For documentation on this error, please visit: https://selenium.dev/exceptions/#invalid_selector_exception
Build info: version: &amp;apos;4.0.0-beta-3&amp;apos;, revision: &amp;apos;5d108f9a67&amp;apos;
System info: host: &amp;apos;DESKTOP-H369NVH&amp;apos;, ip: &amp;apos;192.168.214.37&amp;apos;, os.name: &amp;apos;Windows 10&amp;apos;, os.arch: &amp;apos;amd64&amp;apos;, os.version: &amp;apos;10.0&amp;apos;, java.version: &amp;apos;16&amp;apos;
Driver info: driver.version: unknown">
      <![CDATA[org.openqa.selenium.InvalidSelectorException: Compound class names not permitted
For documentation on this error, please visit: https://selenium.dev/exceptions/#invalid_selector_exception
Build info: version: '4.0.0-beta-3', revision: '5d108f9a67'
System info: host: 'DESKTOP-H369NVH', ip: '192.168.214.37', os.name: 'Windows 10', os.arch: 'amd64', os.version: '10.0', java.version: '16'
Driver info: driver.version: unknown
at org.openqa.selenium.By$ByClassName.<init>(By.java:310)
at org.openqa.selenium.By.className(By.java:100)
at pages.LoginPage.<init>(LoginPage.java:28)
at tests.BaseTest.methodLevelSetup(BaseTest.java:28)
at java.base/java.util.ArrayList.forEach(ArrayList.java:1511)
... Removed 31 stack frames]]>
    </failure>
  </testcase> <!-- @BeforeMethod methodLevelSetup -->
  <testcase classname="tests.BaseTest" name="@BeforeMethod methodLevelSetup" time="-1.64706168981E9">
    <skipped/>
  </testcase> <!-- @BeforeMethod methodLevelSetup -->
  <testcase classname="tests.BaseTest" name="@AfterClass teardown" time="-1.647061689825E9">
    <skipped/>
  </testcase> <!-- @AfterClass teardown -->
  <testcase classname="tests.LoginTest" name="invalidLoginTest_InvalidUserNameInvalidPassword" time="0.0">
    <skipped/>
  </testcase> <!-- invalidLoginTest_InvalidUserNameInvalidPassword -->
  <testcase classname="tests.LoginTest" name="invalidLoginTest_EmptyUserEmptyPassword" time="0.0">
    <skipped/>
  </testcase> <!-- invalidLoginTest_EmptyUserEmptyPassword -->
</testsuite> <!-- LoginTest -->
